<?xml version="1.0" encoding="UTF-8"?>
<!-- Generated by org.testng.reporters.JUnitReportReporter -->
<testsuite hostname="Simil" failures="0" tests="1" name="package_github_integration.class_github_integrationTest" time="40.806" errors="0" timestamp="2022-01-06T21:59:28 IST" skipped="0">
  <testcase classname="package_github_integration.class_github_integrationTest" name="SeleniumTestTest" time="40.806"/>
  <system-out/>
</testsuite> <!-- package_github_integration.class_github_integrationTest -->
